

*******************************************************************************
Sun Mar 19 21:45:51 2017


FIT:    data read from 'salidaquicksort.dat'
        format = z
        #datapoints = 25
        residuals are weighted equally (unit weight)

function used for fitting: f(x)
fitted parameters initialized with current variable values



 Iteration 0
 WSSR        : 6.50041e-09       delta(WSSR)/WSSR   : 0
 delta(WSSR) : 0                 limit for stopping : 1e-05
 lambda	  : 340326

initial set of free parameter values

a0              = 1.64686e-10
a1              = 0.373644
a2              = 3.78796e-08

After 1 iterations the fit converged.
final sum of squares of residuals : 6.50041e-09
rel. change during last iteration : -1.78151e-15

degrees of freedom    (FIT_NDF)                        : 22
rms of residuals      (FIT_STDFIT) = sqrt(WSSR/ndf)    : 1.71893e-05
variance of residuals (reduced chisquare) = WSSR/ndf   : 2.95473e-10

Final set of parameters            Asymptotic Standard Error
=======================            ==========================

a0              = 1.64686e-10      +/- 2.423e-09    (1472%)
a1              = 0.373644         +/- 1.198        (320.5%)
a2              = 3.78796e-08      +/- 1.89e-08     (49.9%)


correlation matrix of the fit parameters:

               a0     a1     a2     
a0              1.000 
a1             -1.000  1.000 
a2             -0.996  0.994  1.000 
