

*******************************************************************************
Sun Mar 19 21:50:29 2017


FIT:    data read from 'salidamergesort.dat'
        format = z
        #datapoints = 25
        residuals are weighted equally (unit weight)

function used for fitting: f(x)
fitted parameters initialized with current variable values



 Iteration 0
 WSSR        : 2.54545e-06       delta(WSSR)/WSSR   : 0
 delta(WSSR) : 0                 limit for stopping : 1e-05
 lambda	  : 340326

initial set of free parameter values

a0              = 1.64686e-10
a1              = 0.373644
a2              = 3.78796e-08

After 5 iterations the fit converged.
final sum of squares of residuals : 8.14e-08
rel. change during last iteration : -8.24851e-09

degrees of freedom    (FIT_NDF)                        : 22
rms of residuals      (FIT_STDFIT) = sqrt(WSSR/ndf)    : 6.08276e-05
variance of residuals (reduced chisquare) = WSSR/ndf   : 3.7e-09

Final set of parameters            Asymptotic Standard Error
=======================            ==========================

a0              = 1.03034e-09      +/- 8.576e-09    (832.3%)
a1              = 0.373644         +/- 0.6773       (181.3%)
a2              = 2.45507e-08      +/- 6.688e-08    (272.4%)


correlation matrix of the fit parameters:

               a0     a1     a2     
a0              1.000 
a1             -1.000  1.000 
a2             -0.996  0.994  1.000 
