

*******************************************************************************
Sun Mar 19 10:58:52 2017


FIT:    data read from 'salida_burbuja.dat'
        format = z
        #datapoints = 25
        residuals are weighted equally (unit weight)

function used for fitting: f(x)
	f(x)=a0*x*x+a1*x+a2
fitted parameters initialized with current variable values

iter      chisq       delta/lim  lambda   a0            a1            a2           
   0 2.1538562527e+18   0.00e+00  1.69e+08    1.000000e+00   1.000000e+00   1.000000e+00
  12 5.5910889502e-04  -2.66e-04  1.69e-04    3.254306e-09  -7.854553e-07   4.804532e-03

After 12 iterations the fit converged.
final sum of squares of residuals : 0.000559109
rel. change during last iteration : -2.66407e-09

degrees of freedom    (FIT_NDF)                        : 22
rms of residuals      (FIT_STDFIT) = sqrt(WSSR/ndf)    : 0.00504123
variance of residuals (reduced chisquare) = WSSR/ndf   : 2.5414e-05

Final set of parameters            Asymptotic Standard Error
=======================            ==========================
a0              = 3.25431e-09      +/- 2.173e-11    (0.6677%)
a1              = -7.85455e-07     +/- 5.82e-07     (74.1%)
a2              = 0.00480453       +/- 0.003284     (68.35%)

correlation matrix of the fit parameters:
                a0     a1     a2     
a0              1.000 
a1             -0.971  1.000 
a2              0.774 -0.884  1.000 


*******************************************************************************
Sun Mar 19 11:19:02 2017


FIT:    data read from 'salida_seleccion.dat'
        format = z
        #datapoints = 25
        residuals are weighted equally (unit weight)

function used for fitting: f(x)
	f(x)=a0*x*x+a1*x+a2
fitted parameters initialized with current variable values

iter      chisq       delta/lim  lambda   a0            a1            a2           
   0 7.6975478609e+00   0.00e+00  5.52e-01    3.254306e-09  -7.854553e-07   4.804532e-03
   6 1.2615293774e-06  -1.89e-06  5.52e-07    1.338658e-09  -2.460314e-08   4.286098e-05

After 6 iterations the fit converged.
final sum of squares of residuals : 1.26153e-06
rel. change during last iteration : -1.89415e-11

degrees of freedom    (FIT_NDF)                        : 22
rms of residuals      (FIT_STDFIT) = sqrt(WSSR/ndf)    : 0.000239462
variance of residuals (reduced chisquare) = WSSR/ndf   : 5.73422e-08

Final set of parameters            Asymptotic Standard Error
=======================            ==========================
a0              = 1.33866e-09      +/- 1.032e-12    (0.07711%)
a1              = -2.46031e-08     +/- 2.765e-08    (112.4%)
a2              = 4.2861e-05       +/- 0.000156     (363.9%)

correlation matrix of the fit parameters:
                a0     a1     a2     
a0              1.000 
a1             -0.971  1.000 
a2              0.774 -0.884  1.000 


*******************************************************************************
Sun Mar 19 11:25:58 2017


FIT:    data read from 'salida_burbuja.dat'
        format = z
        #datapoints = 25
        residuals are weighted equally (unit weight)

function used for fitting: f(x)
	f(x)=a0*x*x+a1*x+a2
fitted parameters initialized with current variable values

iter      chisq       delta/lim  lambda   a0            a1            a2           
   0 7.6981057083e+00   0.00e+00  2.27e-01    1.338658e-09  -2.460314e-08   4.286098e-05
   7 5.5910889502e-04  -1.72e-04  2.27e-08    3.254306e-09  -7.854553e-07   4.804532e-03

After 7 iterations the fit converged.
final sum of squares of residuals : 0.000559109
rel. change during last iteration : -1.72458e-09

degrees of freedom    (FIT_NDF)                        : 22
rms of residuals      (FIT_STDFIT) = sqrt(WSSR/ndf)    : 0.00504123
variance of residuals (reduced chisquare) = WSSR/ndf   : 2.5414e-05

Final set of parameters            Asymptotic Standard Error
=======================            ==========================
a0              = 3.25431e-09      +/- 2.173e-11    (0.6677%)
a1              = -7.85455e-07     +/- 5.82e-07     (74.1%)
a2              = 0.00480453       +/- 0.003284     (68.35%)

correlation matrix of the fit parameters:
                a0     a1     a2     
a0              1.000 
a1             -0.971  1.000 
a2              0.774 -0.884  1.000 
