

*******************************************************************************
Mon Mar 20 16:49:38 2017


FIT:    data read from 'salida_heapshort.dat'
        format = z
        #datapoints = 25
        residuals are weighted equally (unit weight)

function used for fitting: f(x)
fitted parameters initialized with current variable values



 Iteration 0
 WSSR        : 5.32626e+11       delta(WSSR)/WSSR   : 0
 delta(WSSR) : 0                 limit for stopping : 1e-05
 lambda	  : 103210

initial set of free parameter values

a0              = 1
a1              = 1

After 9 iterations the fit converged.
final sum of squares of residuals : 1.82997e-07
rel. change during last iteration : -4.35202e-10

degrees of freedom    (FIT_NDF)                        : 23
rms of residuals      (FIT_STDFIT) = sqrt(WSSR/ndf)    : 8.91986e-05
variance of residuals (reduced chisquare) = WSSR/ndf   : 7.95638e-09

Final set of parameters            Asymptotic Standard Error
=======================            ==========================

a0              = 1.63609e-08      +/- 2.389e-10    (1.46%)
a1              = 0.000104941      +/- 3.487e-05    (33.23%)


correlation matrix of the fit parameters:

               a0     a1     
a0              1.000 
a1             -0.859  1.000 
